{"S:\\Back\\Ecommerce\\Controllers\\product.controllers.js": {"path":"S:\\Back\\Ecommerce\\Controllers\\product.controllers.js","statementMap":{"0":{"start":{"line":1,"column":41},"end":{"line":1,"column":61}},"1":{"start":{"line":2,"column":9},"end":{"line":2,"column":21}},"2":{"start":{"line":5,"column":0},"end":{"line":22,"column":1}},"3":{"start":{"line":7,"column":4},"end":{"line":9,"column":5}},"4":{"start":{"line":8,"column":8},"end":{"line":8,"column":98}},"5":{"start":{"line":11,"column":45},"end":{"line":11,"column":53}},"6":{"start":{"line":13,"column":18},"end":{"line":13,"column":52}},"7":{"start":{"line":15,"column":4},"end":{"line":21,"column":6}},"8":{"start":{"line":17,"column":8},"end":{"line":17,"column":37}},"9":{"start":{"line":20,"column":8},"end":{"line":20,"column":77}},"10":{"start":{"line":24,"column":0},"end":{"line":71,"column":1}},"11":{"start":{"line":26,"column":35},"end":{"line":26,"column":44}},"12":{"start":{"line":28,"column":4},"end":{"line":62,"column":5}},"13":{"start":{"line":29,"column":8},"end":{"line":33,"column":10}},"14":{"start":{"line":34,"column":10},"end":{"line":62,"column":5}},"15":{"start":{"line":35,"column":8},"end":{"line":42,"column":10}},"16":{"start":{"line":43,"column":10},"end":{"line":62,"column":5}},"17":{"start":{"line":44,"column":8},"end":{"line":50,"column":10}},"18":{"start":{"line":51,"column":10},"end":{"line":62,"column":5}},"19":{"start":{"line":52,"column":8},"end":{"line":58,"column":10}},"20":{"start":{"line":61,"column":8},"end":{"line":61,"column":41}},"21":{"start":{"line":64,"column":4},"end":{"line":70,"column":6}},"22":{"start":{"line":66,"column":8},"end":{"line":66,"column":26}},"23":{"start":{"line":69,"column":8},"end":{"line":69,"column":62}},"24":{"start":{"line":73,"column":0},"end":{"line":86,"column":1}},"25":{"start":{"line":74,"column":20},"end":{"line":74,"column":33}},"26":{"start":{"line":76,"column":4},"end":{"line":85,"column":6}},"27":{"start":{"line":78,"column":8},"end":{"line":80,"column":9}},"28":{"start":{"line":79,"column":12},"end":{"line":79,"column":63}},"29":{"start":{"line":81,"column":8},"end":{"line":81,"column":26}},"30":{"start":{"line":84,"column":8},"end":{"line":84,"column":62}},"31":{"start":{"line":88,"column":0},"end":{"line":100,"column":1}},"32":{"start":{"line":89,"column":4},"end":{"line":99,"column":6}},"33":{"start":{"line":95,"column":8},"end":{"line":95,"column":26}},"34":{"start":{"line":98,"column":8},"end":{"line":98,"column":104}},"35":{"start":{"line":102,"column":0},"end":{"line":115,"column":1}},"36":{"start":{"line":103,"column":4},"end":{"line":114,"column":6}},"37":{"start":{"line":110,"column":8},"end":{"line":110,"column":25}},"38":{"start":{"line":113,"column":8},"end":{"line":113,"column":105}}},"fnMap":{"0":{"name":"(anonymous_0)","decl":{"start":{"line":5,"column":15},"end":{"line":5,"column":16}},"loc":{"start":{"line":5,"column":26},"end":{"line":22,"column":1}},"line":5},"1":{"name":"(anonymous_1)","decl":{"start":{"line":16,"column":10},"end":{"line":16,"column":11}},"loc":{"start":{"line":16,"column":19},"end":{"line":18,"column":5}},"line":16},"2":{"name":"(anonymous_2)","decl":{"start":{"line":19,"column":11},"end":{"line":19,"column":12}},"loc":{"start":{"line":19,"column":16},"end":{"line":21,"column":5}},"line":19},"3":{"name":"(anonymous_3)","decl":{"start":{"line":24,"column":16},"end":{"line":24,"column":17}},"loc":{"start":{"line":24,"column":27},"end":{"line":71,"column":1}},"line":24},"4":{"name":"(anonymous_4)","decl":{"start":{"line":65,"column":10},"end":{"line":65,"column":11}},"loc":{"start":{"line":65,"column":20},"end":{"line":67,"column":5}},"line":65},"5":{"name":"(anonymous_5)","decl":{"start":{"line":68,"column":11},"end":{"line":68,"column":12}},"loc":{"start":{"line":68,"column":16},"end":{"line":70,"column":5}},"line":68},"6":{"name":"(anonymous_6)","decl":{"start":{"line":73,"column":16},"end":{"line":73,"column":17}},"loc":{"start":{"line":73,"column":27},"end":{"line":86,"column":1}},"line":73},"7":{"name":"(anonymous_7)","decl":{"start":{"line":77,"column":10},"end":{"line":77,"column":11}},"loc":{"start":{"line":77,"column":19},"end":{"line":82,"column":5}},"line":77},"8":{"name":"(anonymous_8)","decl":{"start":{"line":83,"column":11},"end":{"line":83,"column":12}},"loc":{"start":{"line":83,"column":16},"end":{"line":85,"column":5}},"line":83},"9":{"name":"(anonymous_9)","decl":{"start":{"line":88,"column":34},"end":{"line":88,"column":35}},"loc":{"start":{"line":88,"column":45},"end":{"line":100,"column":1}},"line":88},"10":{"name":"(anonymous_10)","decl":{"start":{"line":94,"column":10},"end":{"line":94,"column":11}},"loc":{"start":{"line":94,"column":20},"end":{"line":96,"column":5}},"line":94},"11":{"name":"(anonymous_11)","decl":{"start":{"line":97,"column":11},"end":{"line":97,"column":12}},"loc":{"start":{"line":97,"column":16},"end":{"line":99,"column":5}},"line":97},"12":{"name":"(anonymous_12)","decl":{"start":{"line":102,"column":33},"end":{"line":102,"column":34}},"loc":{"start":{"line":102,"column":44},"end":{"line":115,"column":1}},"line":102},"13":{"name":"(anonymous_13)","decl":{"start":{"line":109,"column":10},"end":{"line":109,"column":11}},"loc":{"start":{"line":109,"column":19},"end":{"line":111,"column":5}},"line":109},"14":{"name":"(anonymous_14)","decl":{"start":{"line":112,"column":11},"end":{"line":112,"column":12}},"loc":{"start":{"line":112,"column":16},"end":{"line":114,"column":5}},"line":112}},"branchMap":{"0":{"loc":{"start":{"line":7,"column":4},"end":{"line":9,"column":5}},"type":"if","locations":[{"start":{"line":7,"column":4},"end":{"line":9,"column":5}},{"start":{},"end":{}}],"line":7},"1":{"loc":{"start":{"line":20,"column":38},"end":{"line":20,"column":75}},"type":"binary-expr","locations":[{"start":{"line":20,"column":38},"end":{"line":20,"column":49}},{"start":{"line":20,"column":53},"end":{"line":20,"column":75}}],"line":20},"2":{"loc":{"start":{"line":28,"column":4},"end":{"line":62,"column":5}},"type":"if","locations":[{"start":{"line":28,"column":4},"end":{"line":62,"column":5}},{"start":{"line":34,"column":10},"end":{"line":62,"column":5}}],"line":28},"3":{"loc":{"start":{"line":34,"column":10},"end":{"line":62,"column":5}},"type":"if","locations":[{"start":{"line":34,"column":10},"end":{"line":62,"column":5}},{"start":{"line":43,"column":10},"end":{"line":62,"column":5}}],"line":34},"4":{"loc":{"start":{"line":43,"column":10},"end":{"line":62,"column":5}},"type":"if","locations":[{"start":{"line":43,"column":10},"end":{"line":62,"column":5}},{"start":{"line":51,"column":10},"end":{"line":62,"column":5}}],"line":43},"5":{"loc":{"start":{"line":51,"column":10},"end":{"line":62,"column":5}},"type":"if","locations":[{"start":{"line":51,"column":10},"end":{"line":62,"column":5}},{"start":{"line":60,"column":8},"end":{"line":62,"column":5}}],"line":51},"6":{"loc":{"start":{"line":78,"column":8},"end":{"line":80,"column":9}},"type":"if","locations":[{"start":{"line":78,"column":8},"end":{"line":80,"column":9}},{"start":{},"end":{}}],"line":78}},"s":{"0":1,"1":1,"2":1,"3":3,"4":1,"5":2,"6":2,"7":2,"8":1,"9":1,"10":1,"11":0,"12":0,"13":0,"14":0,"15":0,"16":0,"17":0,"18":0,"19":0,"20":0,"21":0,"22":0,"23":0,"24":1,"25":0,"26":0,"27":0,"28":0,"29":0,"30":0,"31":1,"32":0,"33":0,"34":0,"35":1,"36":0,"37":0,"38":0},"f":{"0":3,"1":1,"2":1,"3":0,"4":0,"5":0,"6":0,"7":0,"8":0,"9":0,"10":0,"11":0,"12":0,"13":0,"14":0},"b":{"0":[1,2],"1":[1,0],"2":[0,0],"3":[0,0],"4":[0,0],"5":[0,0],"6":[0,0]},"_coverageSchema":"1a1c01bbd47fc00a2c39e90264f33305004495a9","hash":"a3b4d54384fbf384b98324f175954c31b498f516"}
,"S:\\Back\\Ecommerce\\configs\\db.config.js": {"path":"S:\\Back\\Ecommerce\\configs\\db.config.js","statementMap":{"0":{"start":{"line":1,"column":0},"end":{"line":13,"column":1}}},"fnMap":{},"branchMap":{},"s":{"0":1},"f":{},"b":{},"_coverageSchema":"1a1c01bbd47fc00a2c39e90264f33305004495a9","hash":"359aa41093ae52ca58ead119f21a9ff2c1d8c0e0"}
,"S:\\Back\\Ecommerce\\models\\cart.model.js": {"path":"S:\\Back\\Ecommerce\\models\\cart.model.js","statementMap":{"0":{"start":{"line":1,"column":20},"end":{"line":1,"column":40}},"1":{"start":{"line":4,"column":0},"end":{"line":17,"column":1}},"2":{"start":{"line":6,"column":15},"end":{"line":15,"column":6}},"3":{"start":{"line":16,"column":4},"end":{"line":16,"column":16}}},"fnMap":{"0":{"name":"(anonymous_0)","decl":{"start":{"line":4,"column":17},"end":{"line":4,"column":18}},"loc":{"start":{"line":4,"column":40},"end":{"line":17,"column":1}},"line":4}},"branchMap":{},"s":{"0":1,"1":1,"2":1,"3":1},"f":{"0":1},"b":{},"_coverageSchema":"1a1c01bbd47fc00a2c39e90264f33305004495a9","hash":"bac9dff0a59563e4245018b58759fcec308ac702"}
,"S:\\Back\\Ecommerce\\models\\category.model.js": {"path":"S:\\Back\\Ecommerce\\models\\category.model.js","statementMap":{"0":{"start":{"line":4,"column":0},"end":{"line":23,"column":1}},"1":{"start":{"line":6,"column":19},"end":{"line":21,"column":6}},"2":{"start":{"line":22,"column":4},"end":{"line":22,"column":20}}},"fnMap":{"0":{"name":"(anonymous_0)","decl":{"start":{"line":4,"column":15},"end":{"line":4,"column":16}},"loc":{"start":{"line":4,"column":38},"end":{"line":23,"column":1}},"line":4}},"branchMap":{},"s":{"0":1,"1":1,"2":1},"f":{"0":1},"b":{},"_coverageSchema":"1a1c01bbd47fc00a2c39e90264f33305004495a9","hash":"b0917ab62df0f2dc1027cd62be1e90e960b81d09"}
,"S:\\Back\\Ecommerce\\models\\index.js": {"path":"S:\\Back\\Ecommerce\\models\\index.js","statementMap":{"0":{"start":{"line":1,"column":13},"end":{"line":1,"column":44}},"1":{"start":{"line":2,"column":16},"end":{"line":2,"column":36}},"2":{"start":{"line":4,"column":17},"end":{"line":19,"column":1}},"3":{"start":{"line":21,"column":9},"end":{"line":21,"column":11}},"4":{"start":{"line":23,"column":0},"end":{"line":23,"column":23}},"5":{"start":{"line":24,"column":0},"end":{"line":24,"column":23}},"6":{"start":{"line":25,"column":0},"end":{"line":25,"column":61}},"7":{"start":{"line":26,"column":0},"end":{"line":26,"column":59}},"8":{"start":{"line":27,"column":0},"end":{"line":27,"column":53}},"9":{"start":{"line":28,"column":0},"end":{"line":28,"column":53}},"10":{"start":{"line":29,"column":0},"end":{"line":29,"column":53}},"11":{"start":{"line":31,"column":0},"end":{"line":33,"column":2}},"12":{"start":{"line":34,"column":0},"end":{"line":34,"column":34}},"13":{"start":{"line":36,"column":0},"end":{"line":40,"column":2}},"14":{"start":{"line":41,"column":0},"end":{"line":45,"column":2}},"15":{"start":{"line":48,"column":0},"end":{"line":48,"column":24}},"16":{"start":{"line":49,"column":0},"end":{"line":49,"column":27}},"17":{"start":{"line":52,"column":0},"end":{"line":56,"column":3}},"18":{"start":{"line":57,"column":0},"end":{"line":61,"column":2}},"19":{"start":{"line":65,"column":0},"end":{"line":65,"column":26}},"20":{"start":{"line":67,"column":0},"end":{"line":67,"column":18}}},"fnMap":{},"branchMap":{},"s":{"0":1,"1":1,"2":1,"3":1,"4":1,"5":1,"6":1,"7":1,"8":1,"9":1,"10":1,"11":1,"12":1,"13":1,"14":1,"15":1,"16":1,"17":1,"18":1,"19":1,"20":1},"f":{},"b":{},"_coverageSchema":"1a1c01bbd47fc00a2c39e90264f33305004495a9","hash":"014d588aca66c15786ef3cf87af24655099d035c"}
,"S:\\Back\\Ecommerce\\models\\product.model.js": {"path":"S:\\Back\\Ecommerce\\models\\product.model.js","statementMap":{"0":{"start":{"line":2,"column":0},"end":{"line":28,"column":1}},"1":{"start":{"line":4,"column":18},"end":{"line":26,"column":6}},"2":{"start":{"line":27,"column":4},"end":{"line":27,"column":18}}},"fnMap":{"0":{"name":"(anonymous_0)","decl":{"start":{"line":2,"column":15},"end":{"line":2,"column":16}},"loc":{"start":{"line":2,"column":38},"end":{"line":28,"column":1}},"line":2}},"branchMap":{},"s":{"0":1,"1":1,"2":1},"f":{"0":1},"b":{},"_coverageSchema":"1a1c01bbd47fc00a2c39e90264f33305004495a9","hash":"c73af1c2caba853701a15c6ad03a70506cf454f3"}
,"S:\\Back\\Ecommerce\\models\\role.model.js": {"path":"S:\\Back\\Ecommerce\\models\\role.model.js","statementMap":{"0":{"start":{"line":1,"column":0},"end":{"line":15,"column":1}},"1":{"start":{"line":3,"column":15},"end":{"line":13,"column":6}},"2":{"start":{"line":14,"column":4},"end":{"line":14,"column":16}}},"fnMap":{"0":{"name":"(anonymous_0)","decl":{"start":{"line":1,"column":15},"end":{"line":1,"column":16}},"loc":{"start":{"line":1,"column":38},"end":{"line":15,"column":1}},"line":1}},"branchMap":{},"s":{"0":1,"1":1,"2":1},"f":{"0":1},"b":{},"_coverageSchema":"1a1c01bbd47fc00a2c39e90264f33305004495a9","hash":"e82cd9d32b7b98743a45cd11e3567bddcf319e54"}
,"S:\\Back\\Ecommerce\\models\\user.model.js": {"path":"S:\\Back\\Ecommerce\\models\\user.model.js","statementMap":{"0":{"start":{"line":2,"column":0},"end":{"line":24,"column":1}},"1":{"start":{"line":4,"column":15},"end":{"line":22,"column":6}},"2":{"start":{"line":23,"column":4},"end":{"line":23,"column":16}}},"fnMap":{"0":{"name":"(anonymous_0)","decl":{"start":{"line":2,"column":15},"end":{"line":2,"column":16}},"loc":{"start":{"line":2,"column":38},"end":{"line":24,"column":1}},"line":2}},"branchMap":{},"s":{"0":1,"1":1,"2":1},"f":{"0":1},"b":{},"_coverageSchema":"1a1c01bbd47fc00a2c39e90264f33305004495a9","hash":"64f25bc7276a7be7199cad8c87fa9b14e188c072"}
,"S:\\Back\\Ecommerce\\tests\\unit\\interceptor.js": {"path":"S:\\Back\\Ecommerce\\tests\\unit\\interceptor.js","statementMap":{"0":{"start":{"line":3,"column":0},"end":{"line":24,"column":1}},"1":{"start":{"line":6,"column":18},"end":{"line":6,"column":20}},"2":{"start":{"line":7,"column":8},"end":{"line":7,"column":48}},"3":{"start":{"line":8,"column":8},"end":{"line":8,"column":49}},"4":{"start":{"line":9,"column":8},"end":{"line":9,"column":49}},"5":{"start":{"line":11,"column":8},"end":{"line":11,"column":19}},"6":{"start":{"line":16,"column":18},"end":{"line":16,"column":20}},"7":{"start":{"line":18,"column":8},"end":{"line":18,"column":47}},"8":{"start":{"line":19,"column":8},"end":{"line":19,"column":49}},"9":{"start":{"line":20,"column":8},"end":{"line":20,"column":47}},"10":{"start":{"line":21,"column":8},"end":{"line":21,"column":19}}},"fnMap":{"0":{"name":"(anonymous_0)","decl":{"start":{"line":5,"column":16},"end":{"line":5,"column":17}},"loc":{"start":{"line":5,"column":20},"end":{"line":12,"column":5}},"line":5},"1":{"name":"(anonymous_1)","decl":{"start":{"line":14,"column":17},"end":{"line":14,"column":18}},"loc":{"start":{"line":14,"column":21},"end":{"line":22,"column":5}},"line":14}},"branchMap":{},"s":{"0":1,"1":3,"2":3,"3":3,"4":3,"5":3,"6":3,"7":3,"8":3,"9":3,"10":3},"f":{"0":3,"1":3},"b":{},"_coverageSchema":"1a1c01bbd47fc00a2c39e90264f33305004495a9","hash":"1b87e0569d54036b4e998134a125377850d3cb49"}
}
