TN:
SF:Controllers\product.controllers.js
FN:5,(anonymous_0)
FN:16,(anonymous_1)
FN:19,(anonymous_2)
FN:24,(anonymous_3)
FN:65,(anonymous_4)
FN:68,(anonymous_5)
FN:73,(anonymous_6)
FN:77,(anonymous_7)
FN:83,(anonymous_8)
FN:88,(anonymous_9)
FN:94,(anonymous_10)
FN:97,(anonymous_11)
FN:102,(anonymous_12)
FN:109,(anonymous_13)
FN:112,(anonymous_14)
FNF:15
FNH:3
FNDA:3,(anonymous_0)
FNDA:1,(anonymous_1)
FNDA:1,(anonymous_2)
FNDA:0,(anonymous_3)
FNDA:0,(anonymous_4)
FNDA:0,(anonymous_5)
FNDA:0,(anonymous_6)
FNDA:0,(anonymous_7)
FNDA:0,(anonymous_8)
FNDA:0,(anonymous_9)
FNDA:0,(anonymous_10)
FNDA:0,(anonymous_11)
FNDA:0,(anonymous_12)
FNDA:0,(anonymous_13)
FNDA:0,(anonymous_14)
DA:1,1
DA:2,1
DA:5,1
DA:7,3
DA:8,1
DA:11,2
DA:13,2
DA:15,2
DA:17,1
DA:20,1
DA:24,1
DA:26,0
DA:28,0
DA:29,0
DA:34,0
DA:35,0
DA:43,0
DA:44,0
DA:51,0
DA:52,0
DA:61,0
DA:64,0
DA:66,0
DA:69,0
DA:73,1
DA:74,0
DA:76,0
DA:78,0
DA:79,0
DA:81,0
DA:84,0
DA:88,1
DA:89,0
DA:95,0
DA:98,0
DA:102,1
DA:103,0
DA:110,0
DA:113,0
LF:39
LH:14
BRDA:7,0,0,1
BRDA:7,0,1,2
BRDA:20,1,0,1
BRDA:20,1,1,0
BRDA:28,2,0,0
BRDA:28,2,1,0
BRDA:34,3,0,0
BRDA:34,3,1,0
BRDA:43,4,0,0
BRDA:43,4,1,0
BRDA:51,5,0,0
BRDA:51,5,1,0
BRDA:78,6,0,0
BRDA:78,6,1,0
BRF:14
BRH:3
end_of_record
TN:
SF:configs\db.config.js
FNF:0
FNH:0
DA:1,1
LF:1
LH:1
BRF:0
BRH:0
end_of_record
TN:
SF:models\cart.model.js
FN:4,(anonymous_0)
FNF:1
FNH:1
FNDA:1,(anonymous_0)
DA:1,1
DA:4,1
DA:6,1
DA:16,1
LF:4
LH:4
BRF:0
BRH:0
end_of_record
TN:
SF:models\category.model.js
FN:4,(anonymous_0)
FNF:1
FNH:1
FNDA:1,(anonymous_0)
DA:4,1
DA:6,1
DA:22,1
LF:3
LH:3
BRF:0
BRH:0
end_of_record
TN:
SF:models\index.js
FNF:0
FNH:0
DA:1,1
DA:2,1
DA:4,1
DA:21,1
DA:23,1
DA:24,1
DA:25,1
DA:26,1
DA:27,1
DA:28,1
DA:29,1
DA:31,1
DA:34,1
DA:36,1
DA:41,1
DA:48,1
DA:49,1
DA:52,1
DA:57,1
DA:65,1
DA:67,1
LF:21
LH:21
BRF:0
BRH:0
end_of_record
TN:
SF:models\product.model.js
FN:2,(anonymous_0)
FNF:1
FNH:1
FNDA:1,(anonymous_0)
DA:2,1
DA:4,1
DA:27,1
LF:3
LH:3
BRF:0
BRH:0
end_of_record
TN:
SF:models\role.model.js
FN:1,(anonymous_0)
FNF:1
FNH:1
FNDA:1,(anonymous_0)
DA:1,1
DA:3,1
DA:14,1
LF:3
LH:3
BRF:0
BRH:0
end_of_record
TN:
SF:models\user.model.js
FN:2,(anonymous_0)
FNF:1
FNH:1
FNDA:1,(anonymous_0)
DA:2,1
DA:4,1
DA:23,1
LF:3
LH:3
BRF:0
BRH:0
end_of_record
TN:
SF:tests\unit\interceptor.js
FN:5,(anonymous_0)
FN:14,(anonymous_1)
FNF:2
FNH:2
FNDA:3,(anonymous_0)
FNDA:3,(anonymous_1)
DA:3,1
DA:6,3
DA:7,3
DA:8,3
DA:9,3
DA:11,3
DA:16,3
DA:18,3
DA:19,3
DA:20,3
DA:21,3
LF:11
LH:11
BRF:0
BRH:0
end_of_record
